<?xml version="1.0" encoding="UTF-8"?>
<testsuite xmlns:xsi="http://www.w3.org/2001/XMLSchema-instance" xsi:noNamespaceSchemaLocation="https://maven.apache.org/surefire/maven-surefire-plugin/xsd/surefire-test-report-3.0.xsd" version="3.0" name="com.lms.managers.test.CourseManagerTest" time="0.449" tests="1" errors="0" skipped="0" failures="0">
  <properties>
[...]
</properties>
  <testcase name="addAndGetCourseTest" classname="com.lms.managers.test.CourseManagerTest" time="0.413">
    <system-err><![CDATA[Feb 27, 2025 2:11:27 AM com.lms.managers.CourseManager addCourse
INFO: Course ik_2223_34 added successfully!
]]></system-err>
  </testcase>
</testsuite>